0 silly argv {
0 silly argv   _: [ 'run' ],
0 silly argv   stream: true,
0 silly argv   lernaVersion: '7.2.0',
0 silly argv   '$0': 'node_modules\\lerna\\dist\\cli.js',
0 silly argv   script: 'dev:orthanc'
0 silly argv }
1 notice cli v7.2.0
2 verbose packageConfigs Explicit "packages" configuration found in lerna.json. Resolving packages using the configured glob(s): ["extensions/*","platform/*","modes/*"]
3 verbose rootPath C:\Users\Artur\Documents\Radiomics\Viewers
4 error TypeError [ERR_INVALID_ARG_TYPE]: Failed to process the project graph with "nx-js-graph-plugin".
4 error The "data" argument must be of type string or an instance of Buffer, TypedArray, or DataView. Received undefined
4 error     at writeFileSync (node:fs:2281:5)
4 error     at writeLastProcessedLockfileHash (C:\Users\Artur\Documents\Radiomics\Viewers\node_modules\nx\src\plugins\js\index.js:53:28)
4 error     at C:\Users\Artur\Documents\Radiomics\Viewers\node_modules\nx\src\plugins\js\index.js:26:17
4 error     at Generator.next (<anonymous>)
4 error     at C:\Users\Artur\Documents\Radiomics\Viewers\node_modules\tslib\tslib.js:169:75
4 error     at new Promise (<anonymous>)
4 error     at Object.__awaiter (C:\Users\Artur\Documents\Radiomics\Viewers\node_modules\tslib\tslib.js:165:16)
4 error     at Object.processProjectGraph (C:\Users\Artur\Documents\Radiomics\Viewers\node_modules\nx\src\plugins\js\index.js:16:57)
4 error     at C:\Users\Artur\Documents\Radiomics\Viewers\node_modules\nx\src\project-graph\build-project-graph.js:138:42
